2025-05-13 01:53:44,495 - INFO - [미리보기 있음 스크랩트.py:798] - Scraping page 1: https://humorworld.net/category/humorstorage/
2025-05-13 01:53:45,414 - INFO - [미리보기 있음 스크랩트.py:476] - Successfully saved HTML file: sd2624.github.io\output\vvv\극한-남편이-결혼-전-연애하던-시절-소개팅한-걸-알게된-아내-리뷰.html
2025-05-13 01:53:45,417 - INFO - [미리보기 있음 스크랩트.py:882] - Article saved: 남편이 결혼 전 연애하던 시절 소개팅한 걸 알게된 아내
2025-05-13 01:53:48,182 - INFO - [미리보기 있음 스크랩트.py:476] - Successfully saved HTML file: sd2624.github.io\output\vvv\화제-호감인지-착각인지-알려줘jpg-기록.html
2025-05-13 01:53:48,188 - INFO - [미리보기 있음 스크랩트.py:476] - Successfully saved HTML file: sd2624.github.io\output\vvv\극한-남편이-결혼-전-연애하던-시절-소개팅한-걸-알게된-아내-리뷰.html
2025-05-13 01:53:48,189 - INFO - [미리보기 있음 스크랩트.py:882] - Article saved: 호감인지 착각인지 알려줘.jpg
2025-05-13 01:53:52,080 - INFO - [미리보기 있음 스크랩트.py:476] - Successfully saved HTML file: sd2624.github.io\output\vvv\충격반전-분양-보냈더니-8km-거리를-돌아온-강아지-정리.html
2025-05-13 01:53:52,087 - INFO - [미리보기 있음 스크랩트.py:476] - Successfully saved HTML file: sd2624.github.io\output\vvv\화제-호감인지-착각인지-알려줘jpg-기록.html
2025-05-13 01:53:52,087 - INFO - [미리보기 있음 스크랩트.py:882] - Article saved: 분양 보냈더니 8km 거리를 돌아온 강아지
2025-05-13 01:53:55,987 - INFO - [미리보기 있음 스크랩트.py:476] - Successfully saved HTML file: sd2624.github.io\output\vvv\초특급-아내에게-핸드폰-공기계-빌려줬다가-뭔가를-들켜버린-남편-대참사-비하인드.html
2025-05-13 01:53:56,000 - INFO - [미리보기 있음 스크랩트.py:476] - Successfully saved HTML file: sd2624.github.io\output\vvv\충격반전-분양-보냈더니-8km-거리를-돌아온-강아지-정리.html
2025-05-13 01:53:56,003 - INFO - [미리보기 있음 스크랩트.py:882] - Article saved: 아내에게 핸드폰 공기계 빌려줬다가 ‘뭔가’를 들켜버린 남편 대참사
2025-05-13 01:53:58,627 - INFO - [미리보기 있음 스크랩트.py:476] - Successfully saved HTML file: sd2624.github.io\output\vvv\논란-배민-리뷰-1점-받은-사장의-대처-꿀팁.html
2025-05-13 01:53:58,631 - INFO - [미리보기 있음 스크랩트.py:476] - Successfully saved HTML file: sd2624.github.io\output\vvv\초특급-아내에게-핸드폰-공기계-빌려줬다가-뭔가를-들켜버린-남편-대참사-비하인드.html
2025-05-13 01:53:58,632 - INFO - [미리보기 있음 스크랩트.py:882] - Article saved: 배민 리뷰 1점 받은 사장의 대처
2025-05-13 01:54:05,863 - INFO - [미리보기 있음 스크랩트.py:798] - Scraping page 2: https://humorworld.net/category/humorstorage/page/2/
2025-05-13 01:54:06,728 - INFO - [미리보기 있음 스크랩트.py:476] - Successfully saved HTML file: sd2624.github.io\output\vvv\실시간-도로-한복판에서-사진-찍는-청사포-민폐-커플-레전드-사연.html
2025-05-13 01:54:06,731 - INFO - [미리보기 있음 스크랩트.py:476] - Successfully saved HTML file: sd2624.github.io\output\vvv\논란-배민-리뷰-1점-받은-사장의-대처-꿀팁.html
2025-05-13 01:54:06,731 - INFO - [미리보기 있음 스크랩트.py:882] - Article saved: 도로 한복판에서 사진 찍는 청사포 민폐 커플 레전드
2025-05-13 01:54:10,513 - INFO - [미리보기 있음 스크랩트.py:476] - Successfully saved HTML file: sd2624.github.io\output\vvv\알고보니-엑소-카이가-공익-2년하고-느낀점-꿀팁.html
2025-05-13 01:54:10,517 - INFO - [미리보기 있음 스크랩트.py:476] - Successfully saved HTML file: sd2624.github.io\output\vvv\실시간-도로-한복판에서-사진-찍는-청사포-민폐-커플-레전드-사연.html
2025-05-13 01:54:10,519 - INFO - [미리보기 있음 스크랩트.py:882] - Article saved: 엑소 카이가 공익 2년하고 느낀점
